output prefix: /Users/cmk/Developer/cworkspace/compiler/hw3/Lexer/output/test/llvm/2param
llvmas: /Users/cmk/llvm/bin/llvm-as
llc: /Users/cmk/llvm/bin/llc
cc: gcc
codegen: /Users/cmk/Developer/cworkspace/compiler/hw3/Lexer/answer/decafexpr
stdlib: /Users/cmk/Developer/cworkspace/compiler/hw3/Lexer/answer/decaf-stdlib.c
generating llvm code:/Users/cmk/Developer/cworkspace/compiler/hw3/Lexer/answer/decafexpr ... ok
; ModuleID = 'C'

declare void @print_int(i32)

define i32 @foo(i32 %x, i32 %y) {
entry:
  %y2 = alloca i32
  %x1 = alloca i32
  store i32 1, i32* %x1
  store i32 1, i32* %y2
  %x3 = load i32, i32* %x1
  call void @print_int(i32 %x3)
  %y4 = load i32, i32* %y2
  call void @print_int(i32 %y4)
  ret void
}

define i32 @main() {
entry:
  %calltmp = call i32 @foo(i32 1, i32 2)
  ret i32 0
}
assembling to bitcode:/Users/cmk/llvm/bin/llvm-as "/Users/cmk/Developer/cworkspace/compiler/hw3/Lexer/output/test/llvm/2param.llvm" -o "/Users/cmk/Developer/cworkspace/compiler/hw3/Lexer/output/test/llvm/2param.llvm.bc" ... failed (1)
/Users/cmk/llvm/bin/llvm-as: /Users/cmk/Developer/cworkspace/compiler/hw3/Lexer/output/test/llvm/2param.llvm:15:7: error: value doesn't match function result type 'i32'
  ret void
      ^
converting to native code:/Users/cmk/llvm/bin/llc "/Users/cmk/Developer/cworkspace/compiler/hw3/Lexer/output/test/llvm/2param.llvm.bc" -o "/Users/cmk/Developer/cworkspace/compiler/hw3/Lexer/output/test/llvm/2param.llvm.s" ... failed (1)
/Users/cmk/llvm/bin/llc: /Users/cmk/Developer/cworkspace/compiler/hw3/Lexer/output/test/llvm/2param.llvm.bc: error: Could not open input file: No such file or directory
linking:gcc -o "/Users/cmk/Developer/cworkspace/compiler/hw3/Lexer/output/test/llvm/2param.llvm.exec" "/Users/cmk/Developer/cworkspace/compiler/hw3/Lexer/output/test/llvm/2param.llvm.s" "/Users/cmk/Developer/cworkspace/compiler/hw3/Lexer/answer/decaf-stdlib.c" ... failed (1)
clang: error: no such file or directory: '/Users/cmk/Developer/cworkspace/compiler/hw3/Lexer/output/test/llvm/2param.llvm.s'
running:/Users/cmk/Developer/cworkspace/compiler/hw3/Lexer/output/test/llvm/2param.llvm.exec ...Traceback (most recent call last):
  File "/Users/cmk/Developer/cworkspace/compiler/hw3/Lexer/answer/llvm-run", line 172, in <module>
    result &= run("running", "%s.llvm.exec" % (out_prefix), ".run", None, out_prefix)
  File "/Users/cmk/Developer/cworkspace/compiler/hw3/Lexer/answer/llvm-run", line 90, in run
    retval = subprocess.call(shlex.split(cmd), stdin=infile, stdout=outoutfile, stderr=outerrfile)
  File "/usr/local/Cellar/python/2.7.10_2/Frameworks/Python.framework/Versions/2.7/lib/python2.7/subprocess.py", line 522, in call
    return Popen(*popenargs, **kwargs).wait()
  File "/usr/local/Cellar/python/2.7.10_2/Frameworks/Python.framework/Versions/2.7/lib/python2.7/subprocess.py", line 710, in __init__
    errread, errwrite)
  File "/usr/local/Cellar/python/2.7.10_2/Frameworks/Python.framework/Versions/2.7/lib/python2.7/subprocess.py", line 1335, in _execute_child
    raise child_exception
OSError: [Errno 2] No such file or directory
